  Building 'KeInject' with toolset 'WindowsKernelModeDriver10.0' and the 'Desktop' target platform.
  Apc.c
e:\code\keinject\keinject\Apc.h(155): error C2220: 警告被视为错误 - 没有生成“object”文件
e:\code\keinject\keinject\Apc.h(155): warning C4201: 使用了非标准扩展: 无名称的结构/联合
e:\code\keinject\keinject\Apc.h(166): warning C4201: 使用了非标准扩展: 无名称的结构/联合
e:\code\keinject\keinject\Apc.h(177): warning C4201: 使用了非标准扩展: 无名称的结构/联合
e:\code\keinject\keinject\Apc.h(279): warning C4201: 使用了非标准扩展: 无名称的结构/联合
e:\code\keinject\keinject\Apc.h(280): warning C4201: 使用了非标准扩展: 无名称的结构/联合
e:\code\keinject\keinject\Apc.h(308): warning C4214: 使用了非标准扩展: 整形以外的位域类型
e:\code\keinject\keinject\Apc.h(309): warning C4201: 使用了非标准扩展: 无名称的结构/联合
e:\code\keinject\keinject\Apc.h(315): warning C4214: 使用了非标准扩展: 整形以外的位域类型
e:\code\keinject\keinject\Apc.h(316): warning C4214: 使用了非标准扩展: 整形以外的位域类型
e:\code\keinject\keinject\Apc.h(317): warning C4214: 使用了非标准扩展: 整形以外的位域类型
e:\code\keinject\keinject\Apc.h(318): warning C4214: 使用了非标准扩展: 整形以外的位域类型
e:\code\keinject\keinject\Apc.h(319): warning C4214: 使用了非标准扩展: 整形以外的位域类型
e:\code\keinject\keinject\Apc.h(320): warning C4214: 使用了非标准扩展: 整形以外的位域类型
e:\code\keinject\keinject\Apc.h(321): warning C4214: 使用了非标准扩展: 整形以外的位域类型
e:\code\keinject\keinject\Apc.h(322): warning C4214: 使用了非标准扩展: 整形以外的位域类型
e:\code\keinject\keinject\Apc.h(323): warning C4214: 使用了非标准扩展: 整形以外的位域类型
e:\code\keinject\keinject\Apc.h(324): warning C4214: 使用了非标准扩展: 整形以外的位域类型
e:\code\keinject\keinject\Apc.h(325): warning C4214: 使用了非标准扩展: 整形以外的位域类型
e:\code\keinject\keinject\Apc.h(326): warning C4214: 使用了非标准扩展: 整形以外的位域类型
e:\code\keinject\keinject\Apc.h(327): warning C4214: 使用了非标准扩展: 整形以外的位域类型
e:\code\keinject\keinject\Apc.h(328): warning C4214: 使用了非标准扩展: 整形以外的位域类型
e:\code\keinject\keinject\Apc.h(329): warning C4214: 使用了非标准扩展: 整形以外的位域类型
e:\code\keinject\keinject\Apc.h(330): warning C4214: 使用了非标准扩展: 整形以外的位域类型
e:\code\keinject\keinject\Apc.h(331): warning C4201: 使用了非标准扩展: 无名称的结构/联合
e:\code\keinject\keinject\Apc.h(332): warning C4201: 使用了非标准扩展: 无名称的结构/联合
e:\code\keinject\keinject\Apc.h(428): warning C4201: 使用了非标准扩展: 无名称的结构/联合
e:\code\keinject\keinject\Apc.h(429): warning C4201: 使用了非标准扩展: 无名称的结构/联合
e:\code\keinject\keinject\Apc.h(453): warning C4214: 使用了非标准扩展: 整形以外的位域类型
e:\code\keinject\keinject\Apc.h(454): warning C4201: 使用了非标准扩展: 无名称的结构/联合
e:\code\keinject\keinject\Apc.h(460): warning C4214: 使用了非标准扩展: 整形以外的位域类型
e:\code\keinject\keinject\Apc.h(461): warning C4214: 使用了非标准扩展: 整形以外的位域类型
e:\code\keinject\keinject\Apc.h(462): warning C4214: 使用了非标准扩展: 整形以外的位域类型
e:\code\keinject\keinject\Apc.h(463): warning C4214: 使用了非标准扩展: 整形以外的位域类型
e:\code\keinject\keinject\Apc.h(464): warning C4214: 使用了非标准扩展: 整形以外的位域类型
e:\code\keinject\keinject\Apc.h(465): warning C4214: 使用了非标准扩展: 整形以外的位域类型
e:\code\keinject\keinject\Apc.h(466): warning C4214: 使用了非标准扩展: 整形以外的位域类型
e:\code\keinject\keinject\Apc.h(467): warning C4214: 使用了非标准扩展: 整形以外的位域类型
e:\code\keinject\keinject\Apc.h(468): warning C4214: 使用了非标准扩展: 整形以外的位域类型
e:\code\keinject\keinject\Apc.h(469): warning C4214: 使用了非标准扩展: 整形以外的位域类型
e:\code\keinject\keinject\Apc.h(470): warning C4214: 使用了非标准扩展: 整形以外的位域类型
e:\code\keinject\keinject\Apc.h(471): warning C4214: 使用了非标准扩展: 整形以外的位域类型
e:\code\keinject\keinject\Apc.h(472): warning C4214: 使用了非标准扩展: 整形以外的位域类型
e:\code\keinject\keinject\Apc.h(473): warning C4214: 使用了非标准扩展: 整形以外的位域类型
e:\code\keinject\keinject\Apc.h(474): warning C4214: 使用了非标准扩展: 整形以外的位域类型
e:\code\keinject\keinject\Apc.h(475): warning C4214: 使用了非标准扩展: 整形以外的位域类型
e:\code\keinject\keinject\Apc.h(476): warning C4201: 使用了非标准扩展: 无名称的结构/联合
e:\code\keinject\keinject\Apc.h(477): warning C4201: 使用了非标准扩展: 无名称的结构/联合
e:\code\keinject\keinject\Apc.h(575): warning C4201: 使用了非标准扩展: 无名称的结构/联合
e:\code\keinject\keinject\Apc.h(576): warning C4201: 使用了非标准扩展: 无名称的结构/联合
e:\code\keinject\keinject\Apc.h(602): warning C4214: 使用了非标准扩展: 整形以外的位域类型
e:\code\keinject\keinject\Apc.h(603): warning C4201: 使用了非标准扩展: 无名称的结构/联合
e:\code\keinject\keinject\Apc.h(609): warning C4214: 使用了非标准扩展: 整形以外的位域类型
e:\code\keinject\keinject\Apc.h(610): warning C4214: 使用了非标准扩展: 整形以外的位域类型
e:\code\keinject\keinject\Apc.h(611): warning C4214: 使用了非标准扩展: 整形以外的位域类型
e:\code\keinject\keinject\Apc.h(612): warning C4214: 使用了非标准扩展: 整形以外的位域类型
e:\code\keinject\keinject\Apc.h(613): warning C4214: 使用了非标准扩展: 整形以外的位域类型
e:\code\keinject\keinject\Apc.h(614): warning C4214: 使用了非标准扩展: 整形以外的位域类型
e:\code\keinject\keinject\Apc.h(615): warning C4214: 使用了非标准扩展: 整形以外的位域类型
e:\code\keinject\keinject\Apc.h(616): warning C4214: 使用了非标准扩展: 整形以外的位域类型
e:\code\keinject\keinject\Apc.h(617): warning C4214: 使用了非标准扩展: 整形以外的位域类型
e:\code\keinject\keinject\Apc.h(618): warning C4214: 使用了非标准扩展: 整形以外的位域类型
e:\code\keinject\keinject\Apc.h(619): warning C4214: 使用了非标准扩展: 整形以外的位域类型
e:\code\keinject\keinject\Apc.h(620): warning C4214: 使用了非标准扩展: 整形以外的位域类型
e:\code\keinject\keinject\Apc.h(621): warning C4214: 使用了非标准扩展: 整形以外的位域类型
e:\code\keinject\keinject\Apc.h(622): warning C4214: 使用了非标准扩展: 整形以外的位域类型
e:\code\keinject\keinject\Apc.h(623): warning C4214: 使用了非标准扩展: 整形以外的位域类型
e:\code\keinject\keinject\Apc.h(624): warning C4214: 使用了非标准扩展: 整形以外的位域类型
e:\code\keinject\keinject\Apc.h(625): warning C4201: 使用了非标准扩展: 无名称的结构/联合
e:\code\keinject\keinject\Apc.h(626): warning C4201: 使用了非标准扩展: 无名称的结构/联合
Apc.c(88): warning C4055: “类型转换”: 从数据指针“PVOID”到函数指针“PKNORMAL_ROUTINE”
  Inject.c
e:\code\keinject\keinject\Apc.h(155): error C2220: 警告被视为错误 - 没有生成“object”文件
e:\code\keinject\keinject\Apc.h(155): warning C4201: 使用了非标准扩展: 无名称的结构/联合
e:\code\keinject\keinject\Apc.h(166): warning C4201: 使用了非标准扩展: 无名称的结构/联合
e:\code\keinject\keinject\Apc.h(177): warning C4201: 使用了非标准扩展: 无名称的结构/联合
e:\code\keinject\keinject\Apc.h(279): warning C4201: 使用了非标准扩展: 无名称的结构/联合
e:\code\keinject\keinject\Apc.h(280): warning C4201: 使用了非标准扩展: 无名称的结构/联合
e:\code\keinject\keinject\Apc.h(308): warning C4214: 使用了非标准扩展: 整形以外的位域类型
e:\code\keinject\keinject\Apc.h(309): warning C4201: 使用了非标准扩展: 无名称的结构/联合
e:\code\keinject\keinject\Apc.h(315): warning C4214: 使用了非标准扩展: 整形以外的位域类型
e:\code\keinject\keinject\Apc.h(316): warning C4214: 使用了非标准扩展: 整形以外的位域类型
e:\code\keinject\keinject\Apc.h(317): warning C4214: 使用了非标准扩展: 整形以外的位域类型
e:\code\keinject\keinject\Apc.h(318): warning C4214: 使用了非标准扩展: 整形以外的位域类型
e:\code\keinject\keinject\Apc.h(319): warning C4214: 使用了非标准扩展: 整形以外的位域类型
e:\code\keinject\keinject\Apc.h(320): warning C4214: 使用了非标准扩展: 整形以外的位域类型
e:\code\keinject\keinject\Apc.h(321): warning C4214: 使用了非标准扩展: 整形以外的位域类型
e:\code\keinject\keinject\Apc.h(322): warning C4214: 使用了非标准扩展: 整形以外的位域类型
e:\code\keinject\keinject\Apc.h(323): warning C4214: 使用了非标准扩展: 整形以外的位域类型
e:\code\keinject\keinject\Apc.h(324): warning C4214: 使用了非标准扩展: 整形以外的位域类型
e:\code\keinject\keinject\Apc.h(325): warning C4214: 使用了非标准扩展: 整形以外的位域类型
e:\code\keinject\keinject\Apc.h(326): warning C4214: 使用了非标准扩展: 整形以外的位域类型
e:\code\keinject\keinject\Apc.h(327): warning C4214: 使用了非标准扩展: 整形以外的位域类型
e:\code\keinject\keinject\Apc.h(328): warning C4214: 使用了非标准扩展: 整形以外的位域类型
e:\code\keinject\keinject\Apc.h(329): warning C4214: 使用了非标准扩展: 整形以外的位域类型
e:\code\keinject\keinject\Apc.h(330): warning C4214: 使用了非标准扩展: 整形以外的位域类型
e:\code\keinject\keinject\Apc.h(331): warning C4201: 使用了非标准扩展: 无名称的结构/联合
e:\code\keinject\keinject\Apc.h(332): warning C4201: 使用了非标准扩展: 无名称的结构/联合
e:\code\keinject\keinject\Apc.h(428): warning C4201: 使用了非标准扩展: 无名称的结构/联合
e:\code\keinject\keinject\Apc.h(429): warning C4201: 使用了非标准扩展: 无名称的结构/联合
e:\code\keinject\keinject\Apc.h(453): warning C4214: 使用了非标准扩展: 整形以外的位域类型
e:\code\keinject\keinject\Apc.h(454): warning C4201: 使用了非标准扩展: 无名称的结构/联合
e:\code\keinject\keinject\Apc.h(460): warning C4214: 使用了非标准扩展: 整形以外的位域类型
e:\code\keinject\keinject\Apc.h(461): warning C4214: 使用了非标准扩展: 整形以外的位域类型
e:\code\keinject\keinject\Apc.h(462): warning C4214: 使用了非标准扩展: 整形以外的位域类型
e:\code\keinject\keinject\Apc.h(463): warning C4214: 使用了非标准扩展: 整形以外的位域类型
e:\code\keinject\keinject\Apc.h(464): warning C4214: 使用了非标准扩展: 整形以外的位域类型
e:\code\keinject\keinject\Apc.h(465): warning C4214: 使用了非标准扩展: 整形以外的位域类型
e:\code\keinject\keinject\Apc.h(466): warning C4214: 使用了非标准扩展: 整形以外的位域类型
e:\code\keinject\keinject\Apc.h(467): warning C4214: 使用了非标准扩展: 整形以外的位域类型
e:\code\keinject\keinject\Apc.h(468): warning C4214: 使用了非标准扩展: 整形以外的位域类型
e:\code\keinject\keinject\Apc.h(469): warning C4214: 使用了非标准扩展: 整形以外的位域类型
e:\code\keinject\keinject\Apc.h(470): warning C4214: 使用了非标准扩展: 整形以外的位域类型
e:\code\keinject\keinject\Apc.h(471): warning C4214: 使用了非标准扩展: 整形以外的位域类型
e:\code\keinject\keinject\Apc.h(472): warning C4214: 使用了非标准扩展: 整形以外的位域类型
e:\code\keinject\keinject\Apc.h(473): warning C4214: 使用了非标准扩展: 整形以外的位域类型
e:\code\keinject\keinject\Apc.h(474): warning C4214: 使用了非标准扩展: 整形以外的位域类型
e:\code\keinject\keinject\Apc.h(475): warning C4214: 使用了非标准扩展: 整形以外的位域类型
e:\code\keinject\keinject\Apc.h(476): warning C4201: 使用了非标准扩展: 无名称的结构/联合
e:\code\keinject\keinject\Apc.h(477): warning C4201: 使用了非标准扩展: 无名称的结构/联合
e:\code\keinject\keinject\Apc.h(575): warning C4201: 使用了非标准扩展: 无名称的结构/联合
e:\code\keinject\keinject\Apc.h(576): warning C4201: 使用了非标准扩展: 无名称的结构/联合
e:\code\keinject\keinject\Apc.h(602): warning C4214: 使用了非标准扩展: 整形以外的位域类型
e:\code\keinject\keinject\Apc.h(603): warning C4201: 使用了非标准扩展: 无名称的结构/联合
e:\code\keinject\keinject\Apc.h(609): warning C4214: 使用了非标准扩展: 整形以外的位域类型
e:\code\keinject\keinject\Apc.h(610): warning C4214: 使用了非标准扩展: 整形以外的位域类型
e:\code\keinject\keinject\Apc.h(611): warning C4214: 使用了非标准扩展: 整形以外的位域类型
e:\code\keinject\keinject\Apc.h(612): warning C4214: 使用了非标准扩展: 整形以外的位域类型
e:\code\keinject\keinject\Apc.h(613): warning C4214: 使用了非标准扩展: 整形以外的位域类型
e:\code\keinject\keinject\Apc.h(614): warning C4214: 使用了非标准扩展: 整形以外的位域类型
e:\code\keinject\keinject\Apc.h(615): warning C4214: 使用了非标准扩展: 整形以外的位域类型
e:\code\keinject\keinject\Apc.h(616): warning C4214: 使用了非标准扩展: 整形以外的位域类型
e:\code\keinject\keinject\Apc.h(617): warning C4214: 使用了非标准扩展: 整形以外的位域类型
e:\code\keinject\keinject\Apc.h(618): warning C4214: 使用了非标准扩展: 整形以外的位域类型
e:\code\keinject\keinject\Apc.h(619): warning C4214: 使用了非标准扩展: 整形以外的位域类型
e:\code\keinject\keinject\Apc.h(620): warning C4214: 使用了非标准扩展: 整形以外的位域类型
e:\code\keinject\keinject\Apc.h(621): warning C4214: 使用了非标准扩展: 整形以外的位域类型
e:\code\keinject\keinject\Apc.h(622): warning C4214: 使用了非标准扩展: 整形以外的位域类型
e:\code\keinject\keinject\Apc.h(623): warning C4214: 使用了非标准扩展: 整形以外的位域类型
e:\code\keinject\keinject\Apc.h(624): warning C4214: 使用了非标准扩展: 整形以外的位域类型
e:\code\keinject\keinject\Apc.h(625): warning C4201: 使用了非标准扩展: 无名称的结构/联合
e:\code\keinject\keinject\Apc.h(626): warning C4201: 使用了非标准扩展: 无名称的结构/联合
Inject.c(78): warning C4090: “=”: 不同的“const”限定符
Inject.c(59): warning C4047: “初始化”:“SIZE_T”与“void *”的间接级别不同
Inject.c(128): warning C4047: “初始化”:“USHORT”与“void *”的间接级别不同
Inject.c(285): warning C4047: “==”:“ULONG”与“void *”的间接级别不同
  main.c
main.c(80): error C2220: 警告被视为错误 - 没有生成“object”文件
main.c(80): warning C4305: “类型转换”: 从“ULONG64”到“HANDLE”截断
  正在生成代码...
